<?xml version="1.0" encoding="UTF-8"?>
<testsuites name="jest tests" tests="8" failures="0" time="2.962">
  <testsuite name="Zadanie" errors="0" failures="0" skipped="0" timestamp="2020-03-09T18:24:03" time="2.44" tests="8">
    <testcase classname="Zadanie" name="94% dla widoku do 360px" time="0.011">
    </testcase>
    <testcase classname="Zadanie" name="96% dla widoku do 768px" time="0.004">
    </testcase>
    <testcase classname="Zadanie" name="720px dla widoku do 1024px" time="0.004">
    </testcase>
    <testcase classname="Zadanie" name="996px dla widoku powyżej 1024px" time="0.004">
    </testcase>
    <testcase classname="Zadanie" name="Wyświetla button z width 100% dla widoków mobilnych" time="0.004">
    </testcase>
    <testcase classname="Zadanie" name="Button ma odpowiedni kolor tła i tekstu" time="0.003">
    </testcase>
    <testcase classname="Zadanie" name="Button ma odpowiedni kolor tła i tekstu po :hover" time="0.074">
    </testcase>
    <testcase classname="Zadanie" name="Button ma odpowiedną grubość fontu" time="0.003">
    </testcase>
  </testsuite>
</testsuites>